  aes.cpp
C:\Users\fdfya\DLC\DLC\DLC\aes.cpp(174,23): warning C4018: '<': signed/unsigned mismatch
C:\Users\fdfya\DLC\DLC\DLC\aes.cpp(182,50): warning C4244: 'return': conversion from 'double' to 'unsigned int', possible loss of data
C:\Users\fdfya\DLC\DLC\DLC\aes.cpp(558,62): warning C4267: 'argument': conversion from 'size_t' to 'unsigned int', possible loss of data
C:\Users\fdfya\DLC\DLC\DLC\aes.cpp(577,62): warning C4267: 'argument': conversion from 'size_t' to 'unsigned int', possible loss of data
C:\Users\fdfya\DLC\DLC\DLC\aes.cpp(597,62): warning C4267: 'argument': conversion from 'size_t' to 'unsigned int', possible loss of data
  base64.cpp
  DLC.cpp
C:\Users\fdfya\DLC\DLC\DLC\DLC.cpp(32,23): warning C4018: '<': signed/unsigned mismatch
C:\Users\fdfya\DLC\DLC\DLC\DLC.cpp(59,39): warning C4267: 'argument': conversion from 'size_t' to 'uint32', possible loss of data
C:\Users\fdfya\DLC\DLC\DLC\DLC.cpp(70,40): warning C4267: 'argument': conversion from 'size_t' to 'uint32', possible loss of data
C:\Users\fdfya\DLC\DLC\DLC\DLC.cpp(81,42): warning C4267: 'argument': conversion from 'size_t' to 'unsigned int', possible loss of data
C:\Users\fdfya\DLC\DLC\DLC\DLC.cpp(109,70): warning C4267: 'argument': conversion from 'size_t' to 'int', possible loss of data
C:\Users\fdfya\DLC\DLC\DLC\DLC.cpp(117,39): warning C4244: 'argument': conversion from 'uint64' to 'unsigned int', possible loss of data
C:\Users\fdfya\DLC\DLC\DLC\DLC.cpp(126,59): warning C4267: 'argument': conversion from 'size_t' to 'unsigned int', possible loss of data
C:\Users\fdfya\DLC\DLC\DLC\DLC.cpp(127,87): warning C4267: 'argument': conversion from 'size_t' to 'unsigned int', possible loss of data
C:\Users\fdfya\DLC\DLC\DLC\DLC.cpp(128,84): warning C4267: 'argument': conversion from 'size_t' to 'unsigned int', possible loss of data
  md5.cpp
C:\Users\fdfya\DLC\DLC\DLC\md5.cpp(22,23): warning C4244: '=': conversion from 'uint64' to 'uint32', possible loss of data
  md5collgen.cpp
C:\Users\fdfya\DLC\DLC\DLC\md5collgen.cpp(1567,13): warning C4267: 'initializing': conversion from 'size_t' to 'unsigned int', possible loss of data
  sha1.cpp
C:\Users\fdfya\DLC\DLC\DLC\sha1.cpp(22,20): warning C4244: '=': conversion from 'uint64' to 'uint32', possible loss of data
  sha2.cpp
C:\Users\fdfya\DLC\DLC\DLC\sha2.cpp(172,23): warning C4244: '=': conversion from 'uint64' to 'uint32', possible loss of data
  Generating Code...
  DLC.vcxproj -> C:\Users\fdfya\DLC\DLC\x64\Debug\DLC.exe
